[2023-09-10T18:24:23.293+0000] {taskinstance.py:1171} INFO - Dependencies all met for <TaskInstance: weather_pipeline.move_data manual__2023-09-10T18:24:19.896302+00:00 [queued]>
[2023-09-10T18:24:23.303+0000] {taskinstance.py:1171} INFO - Dependencies all met for <TaskInstance: weather_pipeline.move_data manual__2023-09-10T18:24:19.896302+00:00 [queued]>
[2023-09-10T18:24:23.304+0000] {taskinstance.py:1368} INFO - 
--------------------------------------------------------------------------------
[2023-09-10T18:24:23.304+0000] {taskinstance.py:1369} INFO - Starting attempt 1 of 2
[2023-09-10T18:24:23.304+0000] {taskinstance.py:1370} INFO - 
--------------------------------------------------------------------------------
[2023-09-10T18:24:23.318+0000] {taskinstance.py:1389} INFO - Executing <Task(PythonOperator): move_data> on 2023-09-10 18:24:19.896302+00:00
[2023-09-10T18:24:23.326+0000] {standard_task_runner.py:52} INFO - Started process 1774 to run task
[2023-09-10T18:24:23.330+0000] {standard_task_runner.py:79} INFO - Running: ['***', 'tasks', 'run', 'weather_pipeline', 'move_data', 'manual__2023-09-10T18:24:19.896302+00:00', '--job-id', '52', '--raw', '--subdir', 'DAGS_FOLDER/weather_dag.py', '--cfg-path', '/tmp/tmp9gu0oqxe', '--error-file', '/tmp/tmpsx8b57i8']
[2023-09-10T18:24:23.331+0000] {standard_task_runner.py:80} INFO - Job 52: Subtask move_data
[2023-09-10T18:24:23.403+0000] {task_command.py:371} INFO - Running <TaskInstance: weather_pipeline.move_data manual__2023-09-10T18:24:19.896302+00:00 [running]> on host afe1e7d20f24
[2023-09-10T18:24:23.485+0000] {taskinstance.py:1583} INFO - Exporting the following env vars:
AIRFLOW_CTX_DAG_OWNER=thinh pham
AIRFLOW_CTX_DAG_ID=weather_pipeline
AIRFLOW_CTX_TASK_ID=move_data
AIRFLOW_CTX_EXECUTION_DATE=2023-09-10T18:24:19.896302+00:00
AIRFLOW_CTX_TRY_NUMBER=1
AIRFLOW_CTX_DAG_RUN_ID=manual__2023-09-10T18:24:19.896302+00:00
[2023-09-10T18:24:23.802+0000] {logging_mixin.py:115} INFO - file containe weather data has been create with name Current_weather_data_10092023182423.csv
[2023-09-10T18:24:23.910+0000] {python.py:173} INFO - Done. Returned value was: None
[2023-09-10T18:24:23.926+0000] {taskinstance.py:1412} INFO - Marking task as SUCCESS. dag_id=weather_pipeline, task_id=move_data, execution_date=20230910T182419, start_date=20230910T182423, end_date=20230910T182423
[2023-09-10T18:24:23.983+0000] {local_task_job.py:156} INFO - Task exited with return code 0
[2023-09-10T18:24:24.019+0000] {local_task_job.py:279} INFO - 0 downstream tasks scheduled from follow-on schedule check
