[2023-09-10T18:10:35.088+0000] {taskinstance.py:1171} INFO - Dependencies all met for <TaskInstance: weather_pipeline.tranform_data manual__2023-09-10T18:10:30.916356+00:00 [queued]>
[2023-09-10T18:10:35.098+0000] {taskinstance.py:1171} INFO - Dependencies all met for <TaskInstance: weather_pipeline.tranform_data manual__2023-09-10T18:10:30.916356+00:00 [queued]>
[2023-09-10T18:10:35.099+0000] {taskinstance.py:1368} INFO - 
--------------------------------------------------------------------------------
[2023-09-10T18:10:35.099+0000] {taskinstance.py:1369} INFO - Starting attempt 1 of 2
[2023-09-10T18:10:35.099+0000] {taskinstance.py:1370} INFO - 
--------------------------------------------------------------------------------
[2023-09-10T18:10:35.114+0000] {taskinstance.py:1389} INFO - Executing <Task(PythonOperator): tranform_data> on 2023-09-10 18:10:30.916356+00:00
[2023-09-10T18:10:35.123+0000] {standard_task_runner.py:52} INFO - Started process 1127 to run task
[2023-09-10T18:10:35.127+0000] {standard_task_runner.py:79} INFO - Running: ['***', 'tasks', 'run', 'weather_pipeline', 'tranform_data', 'manual__2023-09-10T18:10:30.916356+00:00', '--job-id', '45', '--raw', '--subdir', 'DAGS_FOLDER/weather_dag.py', '--cfg-path', '/tmp/tmpmixfab8z', '--error-file', '/tmp/tmpjqli6p22']
[2023-09-10T18:10:35.128+0000] {standard_task_runner.py:80} INFO - Job 45: Subtask tranform_data
[2023-09-10T18:10:35.201+0000] {task_command.py:371} INFO - Running <TaskInstance: weather_pipeline.tranform_data manual__2023-09-10T18:10:30.916356+00:00 [running]> on host afe1e7d20f24
[2023-09-10T18:10:35.286+0000] {taskinstance.py:1583} INFO - Exporting the following env vars:
AIRFLOW_CTX_DAG_OWNER=thinh pham
AIRFLOW_CTX_DAG_ID=weather_pipeline
AIRFLOW_CTX_TASK_ID=tranform_data
AIRFLOW_CTX_EXECUTION_DATE=2023-09-10T18:10:30.916356+00:00
AIRFLOW_CTX_TRY_NUMBER=1
AIRFLOW_CTX_DAG_RUN_ID=manual__2023-09-10T18:10:30.916356+00:00
[2023-09-10T18:10:35.371+0000] {logging_mixin.py:115} INFO - file containe weather data has been create with name Current_weather_data_10092023181035.csv
[2023-09-10T18:10:35.374+0000] {python.py:173} INFO - Done. Returned value was: Current_weather_data_10092023181035.csv
[2023-09-10T18:10:35.404+0000] {taskinstance.py:1412} INFO - Marking task as SUCCESS. dag_id=weather_pipeline, task_id=tranform_data, execution_date=20230910T181030, start_date=20230910T181035, end_date=20230910T181035
[2023-09-10T18:10:35.459+0000] {local_task_job.py:156} INFO - Task exited with return code 0
[2023-09-10T18:10:35.500+0000] {local_task_job.py:279} INFO - 1 downstream tasks scheduled from follow-on schedule check
