[2023-09-10T13:46:12.205+0000] {taskinstance.py:1171} INFO - Dependencies all met for <TaskInstance: weather_pipeline.tranform_data manual__2023-09-10T13:46:08.778526+00:00 [queued]>
[2023-09-10T13:46:12.215+0000] {taskinstance.py:1171} INFO - Dependencies all met for <TaskInstance: weather_pipeline.tranform_data manual__2023-09-10T13:46:08.778526+00:00 [queued]>
[2023-09-10T13:46:12.215+0000] {taskinstance.py:1368} INFO - 
--------------------------------------------------------------------------------
[2023-09-10T13:46:12.215+0000] {taskinstance.py:1369} INFO - Starting attempt 1 of 2
[2023-09-10T13:46:12.215+0000] {taskinstance.py:1370} INFO - 
--------------------------------------------------------------------------------
[2023-09-10T13:46:12.229+0000] {taskinstance.py:1389} INFO - Executing <Task(PythonOperator): tranform_data> on 2023-09-10 13:46:08.778526+00:00
[2023-09-10T13:46:12.236+0000] {standard_task_runner.py:52} INFO - Started process 83 to run task
[2023-09-10T13:46:12.240+0000] {standard_task_runner.py:79} INFO - Running: ['***', 'tasks', 'run', 'weather_pipeline', 'tranform_data', 'manual__2023-09-10T13:46:08.778526+00:00', '--job-id', '27', '--raw', '--subdir', 'DAGS_FOLDER/weather_dag.py', '--cfg-path', '/tmp/tmp52zpmwf6', '--error-file', '/tmp/tmp49x43pdw']
[2023-09-10T13:46:12.240+0000] {standard_task_runner.py:80} INFO - Job 27: Subtask tranform_data
[2023-09-10T13:46:12.306+0000] {task_command.py:371} INFO - Running <TaskInstance: weather_pipeline.tranform_data manual__2023-09-10T13:46:08.778526+00:00 [running]> on host dcd05770a650
[2023-09-10T13:46:12.388+0000] {taskinstance.py:1583} INFO - Exporting the following env vars:
AIRFLOW_CTX_DAG_OWNER=thinh pham
AIRFLOW_CTX_DAG_ID=weather_pipeline
AIRFLOW_CTX_TASK_ID=tranform_data
AIRFLOW_CTX_EXECUTION_DATE=2023-09-10T13:46:08.778526+00:00
AIRFLOW_CTX_TRY_NUMBER=1
AIRFLOW_CTX_DAG_RUN_ID=manual__2023-09-10T13:46:08.778526+00:00
[2023-09-10T13:46:12.432+0000] {python.py:173} INFO - Done. Returned value was: None
[2023-09-10T13:46:12.447+0000] {taskinstance.py:1412} INFO - Marking task as SUCCESS. dag_id=weather_pipeline, task_id=tranform_data, execution_date=20230910T134608, start_date=20230910T134612, end_date=20230910T134612
[2023-09-10T13:46:12.491+0000] {local_task_job.py:156} INFO - Task exited with return code 0
[2023-09-10T13:46:12.544+0000] {local_task_job.py:279} INFO - 0 downstream tasks scheduled from follow-on schedule check
