[2023-09-10T18:47:14.271+0000] {taskinstance.py:1171} INFO - Dependencies all met for <TaskInstance: weather_pipeline.tranform_data manual__2023-09-10T18:47:10.150476+00:00 [queued]>
[2023-09-10T18:47:14.282+0000] {taskinstance.py:1171} INFO - Dependencies all met for <TaskInstance: weather_pipeline.tranform_data manual__2023-09-10T18:47:10.150476+00:00 [queued]>
[2023-09-10T18:47:14.282+0000] {taskinstance.py:1368} INFO - 
--------------------------------------------------------------------------------
[2023-09-10T18:47:14.282+0000] {taskinstance.py:1369} INFO - Starting attempt 1 of 2
[2023-09-10T18:47:14.282+0000] {taskinstance.py:1370} INFO - 
--------------------------------------------------------------------------------
[2023-09-10T18:47:14.297+0000] {taskinstance.py:1389} INFO - Executing <Task(PythonOperator): tranform_data> on 2023-09-10 18:47:10.150476+00:00
[2023-09-10T18:47:14.305+0000] {standard_task_runner.py:52} INFO - Started process 2857 to run task
[2023-09-10T18:47:14.309+0000] {standard_task_runner.py:79} INFO - Running: ['***', 'tasks', 'run', 'weather_pipeline', 'tranform_data', 'manual__2023-09-10T18:47:10.150476+00:00', '--job-id', '59', '--raw', '--subdir', 'DAGS_FOLDER/weather_dag.py', '--cfg-path', '/tmp/tmp507o8kuy', '--error-file', '/tmp/tmpxekk05x1']
[2023-09-10T18:47:14.311+0000] {standard_task_runner.py:80} INFO - Job 59: Subtask tranform_data
[2023-09-10T18:47:14.382+0000] {task_command.py:371} INFO - Running <TaskInstance: weather_pipeline.tranform_data manual__2023-09-10T18:47:10.150476+00:00 [running]> on host afe1e7d20f24
[2023-09-10T18:47:14.464+0000] {taskinstance.py:1583} INFO - Exporting the following env vars:
AIRFLOW_CTX_DAG_OWNER=thinh pham
AIRFLOW_CTX_DAG_ID=weather_pipeline
AIRFLOW_CTX_TASK_ID=tranform_data
AIRFLOW_CTX_EXECUTION_DATE=2023-09-10T18:47:10.150476+00:00
AIRFLOW_CTX_TRY_NUMBER=1
AIRFLOW_CTX_DAG_RUN_ID=manual__2023-09-10T18:47:10.150476+00:00
[2023-09-10T18:47:14.484+0000] {logging_mixin.py:115} INFO - file containe weather data has been create with name Current_weather_data_10092023114714.csv
[2023-09-10T18:47:14.485+0000] {python.py:173} INFO - Done. Returned value was: Current_weather_data_10092023114714.csv
[2023-09-10T18:47:14.513+0000] {taskinstance.py:1412} INFO - Marking task as SUCCESS. dag_id=weather_pipeline, task_id=tranform_data, execution_date=20230910T184710, start_date=20230910T184714, end_date=20230910T184714
[2023-09-10T18:47:14.561+0000] {local_task_job.py:156} INFO - Task exited with return code 0
[2023-09-10T18:47:14.601+0000] {local_task_job.py:279} INFO - 1 downstream tasks scheduled from follow-on schedule check
