[2023-09-10T18:47:12.443+0000] {taskinstance.py:1171} INFO - Dependencies all met for <TaskInstance: weather_pipeline.check_api_available manual__2023-09-10T18:47:10.150476+00:00 [queued]>
[2023-09-10T18:47:12.453+0000] {taskinstance.py:1171} INFO - Dependencies all met for <TaskInstance: weather_pipeline.check_api_available manual__2023-09-10T18:47:10.150476+00:00 [queued]>
[2023-09-10T18:47:12.454+0000] {taskinstance.py:1368} INFO - 
--------------------------------------------------------------------------------
[2023-09-10T18:47:12.454+0000] {taskinstance.py:1369} INFO - Starting attempt 1 of 2
[2023-09-10T18:47:12.454+0000] {taskinstance.py:1370} INFO - 
--------------------------------------------------------------------------------
[2023-09-10T18:47:12.469+0000] {taskinstance.py:1389} INFO - Executing <Task(PythonOperator): check_api_available> on 2023-09-10 18:47:10.150476+00:00
[2023-09-10T18:47:12.477+0000] {standard_task_runner.py:52} INFO - Started process 2854 to run task
[2023-09-10T18:47:12.481+0000] {standard_task_runner.py:79} INFO - Running: ['***', 'tasks', 'run', 'weather_pipeline', 'check_api_available', 'manual__2023-09-10T18:47:10.150476+00:00', '--job-id', '58', '--raw', '--subdir', 'DAGS_FOLDER/weather_dag.py', '--cfg-path', '/tmp/tmpqodxiuwg', '--error-file', '/tmp/tmp9t7buvk1']
[2023-09-10T18:47:12.482+0000] {standard_task_runner.py:80} INFO - Job 58: Subtask check_api_available
[2023-09-10T18:47:12.553+0000] {task_command.py:371} INFO - Running <TaskInstance: weather_pipeline.check_api_available manual__2023-09-10T18:47:10.150476+00:00 [running]> on host afe1e7d20f24
[2023-09-10T18:47:12.635+0000] {taskinstance.py:1583} INFO - Exporting the following env vars:
AIRFLOW_CTX_DAG_OWNER=thinh pham
AIRFLOW_CTX_DAG_ID=weather_pipeline
AIRFLOW_CTX_TASK_ID=check_api_available
AIRFLOW_CTX_EXECUTION_DATE=2023-09-10T18:47:10.150476+00:00
AIRFLOW_CTX_TRY_NUMBER=1
AIRFLOW_CTX_DAG_RUN_ID=manual__2023-09-10T18:47:10.150476+00:00
[2023-09-10T18:47:12.651+0000] {logging_mixin.py:115} INFO - API request was successful!
[2023-09-10T18:47:12.652+0000] {logging_mixin.py:115} INFO - Response:
[2023-09-10T18:47:12.652+0000] {logging_mixin.py:115} INFO - {"coord":{"lon":-0.1257,"lat":51.5085},"weather":[{"id":802,"main":"Clouds","description":"scattered clouds","icon":"03n"}],"base":"stations","main":{"temp":296.75,"feels_like":296.92,"temp_min":293.96,"temp_max":298.56,"pressure":1012,"humidity":67},"visibility":10000,"wind":{"speed":0.89,"deg":184,"gust":2.68},"clouds":{"all":37},"dt":1694371378,"sys":{"type":2,"id":2075535,"country":"GB","sunrise":1694323612,"sunset":1694370526},"timezone":3600,"id":2643743,"name":"London","cod":200}
[2023-09-10T18:47:12.652+0000] {python.py:173} INFO - Done. Returned value was: None
[2023-09-10T18:47:12.666+0000] {taskinstance.py:1412} INFO - Marking task as SUCCESS. dag_id=weather_pipeline, task_id=check_api_available, execution_date=20230910T184710, start_date=20230910T184712, end_date=20230910T184712
[2023-09-10T18:47:12.692+0000] {local_task_job.py:156} INFO - Task exited with return code 0
[2023-09-10T18:47:12.744+0000] {local_task_job.py:279} INFO - 1 downstream tasks scheduled from follow-on schedule check
