[2023-09-10T13:31:14.727+0000] {taskinstance.py:1171} INFO - Dependencies all met for <TaskInstance: weather_pipeline.check_api_available manual__2023-09-10T13:26:11.692034+00:00 [queued]>
[2023-09-10T13:31:14.736+0000] {taskinstance.py:1171} INFO - Dependencies all met for <TaskInstance: weather_pipeline.check_api_available manual__2023-09-10T13:26:11.692034+00:00 [queued]>
[2023-09-10T13:31:14.736+0000] {taskinstance.py:1368} INFO - 
--------------------------------------------------------------------------------
[2023-09-10T13:31:14.737+0000] {taskinstance.py:1369} INFO - Starting attempt 2 of 2
[2023-09-10T13:31:14.737+0000] {taskinstance.py:1370} INFO - 
--------------------------------------------------------------------------------
[2023-09-10T13:31:14.751+0000] {taskinstance.py:1389} INFO - Executing <Task(PythonOperator): check_api_available> on 2023-09-10 13:26:11.692034+00:00
[2023-09-10T13:31:14.759+0000] {standard_task_runner.py:52} INFO - Started process 125 to run task
[2023-09-10T13:31:14.762+0000] {standard_task_runner.py:79} INFO - Running: ['***', 'tasks', 'run', 'weather_pipeline', 'check_api_available', 'manual__2023-09-10T13:26:11.692034+00:00', '--job-id', '20', '--raw', '--subdir', 'DAGS_FOLDER/weather_dag.py', '--cfg-path', '/tmp/tmpaimg4rzh', '--error-file', '/tmp/tmpf6vqvydv']
[2023-09-10T13:31:14.762+0000] {standard_task_runner.py:80} INFO - Job 20: Subtask check_api_available
[2023-09-10T13:31:14.825+0000] {task_command.py:371} INFO - Running <TaskInstance: weather_pipeline.check_api_available manual__2023-09-10T13:26:11.692034+00:00 [running]> on host 6f9a711a301f
[2023-09-10T13:31:14.902+0000] {taskinstance.py:1583} INFO - Exporting the following env vars:
AIRFLOW_CTX_DAG_OWNER=thinh pham
AIRFLOW_CTX_DAG_ID=weather_pipeline
AIRFLOW_CTX_TASK_ID=check_api_available
AIRFLOW_CTX_EXECUTION_DATE=2023-09-10T13:26:11.692034+00:00
AIRFLOW_CTX_TRY_NUMBER=2
AIRFLOW_CTX_DAG_RUN_ID=manual__2023-09-10T13:26:11.692034+00:00
[2023-09-10T13:31:14.948+0000] {logging_mixin.py:115} INFO - API request was successful!
[2023-09-10T13:31:14.948+0000] {logging_mixin.py:115} INFO - Response:
[2023-09-10T13:31:14.948+0000] {logging_mixin.py:115} INFO - {"coord":{"lon":-0.1257,"lat":51.5085},"weather":[{"id":804,"main":"Clouds","description":"overcast clouds","icon":"04d"}],"base":"stations","main":{"temp":302.76,"feels_like":304.4,"temp_min":297.88,"temp_max":305.45,"pressure":1013,"humidity":55},"visibility":10000,"wind":{"speed":3.6,"deg":210},"clouds":{"all":100},"dt":1694352359,"sys":{"type":2,"id":268730,"country":"GB","sunrise":1694323612,"sunset":1694370526},"timezone":3600,"id":2643743,"name":"London","cod":200}
[2023-09-10T13:31:14.948+0000] {python.py:173} INFO - Done. Returned value was: None
[2023-09-10T13:31:14.963+0000] {taskinstance.py:1412} INFO - Marking task as SUCCESS. dag_id=weather_pipeline, task_id=check_api_available, execution_date=20230910T132611, start_date=20230910T133114, end_date=20230910T133114
[2023-09-10T13:31:15.014+0000] {local_task_job.py:156} INFO - Task exited with return code 0
[2023-09-10T13:31:15.047+0000] {local_task_job.py:279} INFO - 0 downstream tasks scheduled from follow-on schedule check
